2026-04-01 16:22:19 | INFO | CI | === RUN START ===
2026-04-01 16:22:19 | INFO | CI | project=MODULE 4: EVTL PIPELINE
2026-04-01 16:22:19 | INFO | CI | repo_dir=nlp-04-api-text-data
2026-04-01 16:22:19 | INFO | CI | python=3.14.3
2026-04-01 16:22:19 | INFO | CI | os=Windows 10
2026-04-01 16:22:19 | INFO | CI | shell=powershell
2026-04-01 16:22:19 | INFO | CI | cwd=.
2026-04-01 16:22:19 | INFO | CI | github_actions=False
2026-04-01 16:22:19 | INFO | CI | START PIPELINE
2026-04-01 16:22:19 | INFO | CI | ROOT_PATH = .
2026-04-01 16:22:19 | INFO | CI | DATA_PATH = data
2026-04-01 16:22:19 | INFO | CI | RAW_PATH = data\raw
2026-04-01 16:22:19 | INFO | CI | PROCESSED_PATH = data\processed
2026-04-01 16:22:19 | INFO | CI | ========================
2026-04-01 16:22:19 | INFO | CI | STAGE 01: EXTRACT starting... 
2026-04-01 16:22:19 | INFO | CI | ========================
2026-04-01 16:22:20 | INFO | CI | SOURCE PATH = https://jsonplaceholder.typicode.com/posts
2026-04-01 16:22:20 | INFO | CI | SINK PATH = data\raw\case_raw.json
2026-04-01 16:22:20 | INFO | CI | ========================
2026-04-01 16:22:20 | INFO | CI | STAGE 02: VALIDATE starting...
2026-04-01 16:22:20 | INFO | CI | ========================
2026-04-01 16:22:20 | INFO | CI | JSON STRUCTURE INSPECTION:
2026-04-01 16:22:20 | INFO | CI | Top-level type: list
2026-04-01 16:22:20 | INFO | CI | Keys in first record: ['userId', 'id', 'title', 'body']
2026-04-01 16:22:20 | INFO | CI | Field types:
2026-04-01 16:22:20 | INFO | CI | userId: int
2026-04-01 16:22:20 | INFO | CI | id: int
2026-04-01 16:22:20 | INFO | CI | title: str
2026-04-01 16:22:20 | INFO | CI | body: str
2026-04-01 16:22:20 | INFO | CI | Validation passed.
2026-04-01 16:22:20 | INFO | CI | Sink: validated JSON object
2026-04-01 16:22:20 | INFO | CI | ========================
2026-04-01 16:22:20 | INFO | CI | STAGE 03: TRANSFORM starting...
2026-04-01 16:22:20 | INFO | CI | ========================
2026-04-01 16:22:20 | INFO | CI | Transformation complete.
2026-04-01 16:22:20 | INFO | CI | DataFrame preview:
shape: (5, 6)
┌─────────┬─────────┬────────────────────┬────────────────────┬──────────────┬─────────────┐
│ user_id ┆ post_id ┆ title              ┆ body               ┆ title_length ┆ body_length │
│ ---     ┆ ---     ┆ ---                ┆ ---                ┆ ---          ┆ ---         │
│ i64     ┆ i64     ┆ str                ┆ str                ┆ u32          ┆ u32         │
╞═════════╪═════════╪════════════════════╪════════════════════╪══════════════╪═════════════╡
│ 1       ┆ 1       ┆ sunt aut facere    ┆ quia et suscipit   ┆ 74           ┆ 158         │
│         ┆         ┆ repellat provi…    ┆ suscipit recu…     ┆              ┆             │
│ 1       ┆ 2       ┆ qui est esse       ┆ est rerum tempore  ┆ 12           ┆ 206         │
│         ┆         ┆                    ┆ vitae              ┆              ┆             │
│         ┆         ┆                    ┆ sequi …            ┆              ┆             │
│ 1       ┆ 3       ┆ ea molestias quasi ┆ et iusto sed quo   ┆ 59           ┆ 164         │
│         ┆         ┆ exercitatio…       ┆ iure               ┆              ┆             │
│         ┆         ┆                    ┆ voluptat…          ┆              ┆             │
│ 1       ┆ 4       ┆ eum et est         ┆ ullam et saepe     ┆ 20           ┆ 190         │
│         ┆         ┆ occaecati          ┆ reiciendis volu…   ┆              ┆             │
│ 1       ┆ 5       ┆ nesciunt quas odio ┆ repudiandae veniam ┆ 18           ┆ 147         │
│         ┆         ┆                    ┆ quaerat sun…       ┆              ┆             │
└─────────┴─────────┴────────────────────┴────────────────────┴──────────────┴─────────────┘
2026-04-01 16:22:20 | INFO | CI | Sink: Polars DataFrame created
2026-04-01 16:22:20 | INFO | CI | ========================
2026-04-01 16:22:20 | INFO | CI | STAGE 04: LOAD starting...
2026-04-01 16:22:20 | INFO | CI | ========================
2026-04-01 16:22:20 | INFO | CI | SINK PATH = data\processed\case_processed.csv
2026-04-01 16:22:20 | INFO | CI | ========================
2026-04-01 16:22:20 | INFO | CI | Pipeline executed successfully!
2026-04-01 16:22:20 | INFO | CI | ========================
